SF:lib/main.dart
DA:15,0
DA:17,0
DA:18,0
DA:20,0
DA:24,1
DA:26,1
DA:27,1
DA:30,0
DA:31,0
DA:32,0
DA:33,0
DA:34,0
DA:36,0
DA:37,0
DA:38,0
DA:39,0
DA:41,0
DA:42,0
DA:43,0
DA:45,0
DA:46,0
DA:47,0
DA:48,0
LF:23
LH:3
end_of_record
SF:lib/Screens/login_screen.dart
DA:14,1
DA:16,1
DA:18,1
DA:19,1
DA:20,1
DA:21,1
DA:23,1
DA:31,1
DA:32,1
DA:34,1
DA:35,1
DA:37,1
DA:38,1
DA:40,1
DA:41,1
DA:43,1
DA:50,1
DA:54,1
DA:56,1
DA:58,1
DA:65,1
DA:67,1
DA:68,1
DA:69,0
DA:73,0
DA:74,0
DA:75,0
DA:77,0
DA:78,0
DA:81,0
DA:85,1
DA:86,1
DA:88,1
LF:33
LH:26
end_of_record
SF:lib/components.dart
DA:49,0
DA:50,0
DA:55,0
DA:58,0
DA:63,1
DA:65,1
DA:70,1
DA:72,1
DA:73,1
DA:79,2
DA:80,2
DA:85,2
DA:88,0
DA:93,1
DA:94,1
DA:97,1
DA:98,1
DA:102,1
DA:104,1
DA:105,0
DA:107,1
DA:109,1
DA:111,1
DA:112,1
DA:128,1
DA:130,1
DA:140,1
DA:142,1
DA:147,2
DA:148,2
DA:150,2
DA:157,1
DA:159,1
DA:161,1
DA:163,1
DA:173,1
DA:174,1
DA:176,1
DA:177,0
DA:178,1
DA:179,1
DA:181,1
DA:182,1
DA:186,1
DA:187,1
DA:189,1
DA:190,1
DA:201,2
DA:203,2
DA:204,2
LF:50
LH:43
end_of_record
SF:lib/Components/profile_card.dart
DA:4,0
DA:6,0
DA:7,0
DA:8,0
DA:11,0
DA:13,0
DA:14,0
DA:15,0
DA:16,0
DA:18,0
DA:22,0
DA:24,0
DA:25,0
DA:29,0
DA:30,0
DA:32,0
DA:35,0
DA:36,0
DA:38,0
DA:39,0
DA:41,0
DA:45,0
DA:48,0
DA:50,0
DA:56,0
DA:58,0
DA:70,0
DA:73,0
DA:74,0
DA:75,0
DA:78,0
DA:81,0
DA:83,0
DA:86,0
LF:34
LH:0
end_of_record
SF:lib/Screens/account_screen.dart
DA:8,0
DA:10,0
DA:12,0
DA:13,0
DA:14,0
DA:16,0
DA:18,0
DA:19,0
DA:22,0
DA:24,0
DA:26,0
DA:27,0
DA:30,0
DA:32,0
DA:34,0
DA:36,0
DA:37,0
DA:40,0
DA:44,0
DA:46,0
DA:47,0
LF:21
LH:0
end_of_record
SF:lib/Screens/orders_sheet.dart
DA:6,1
DA:7,1
DA:14,1
DA:34,1
DA:35,1
DA:36,1
DA:37,1
DA:43,1
DA:47,0
DA:48,0
DA:51,1
DA:52,1
DA:54,1
DA:57,1
DA:59,1
DA:61,3
DA:64,1
DA:69,1
DA:71,1
DA:72,1
DA:73,1
DA:82,1
DA:85,1
DA:86,1
DA:87,1
DA:88,1
DA:90,0
DA:94,1
DA:96,1
DA:97,1
DA:101,1
DA:102,1
DA:103,1
DA:104,1
DA:106,1
DA:112,0
DA:113,0
DA:115,0
DA:116,0
LF:39
LH:32
end_of_record
SF:lib/Screens/home_screen.dart
DA:11,1
DA:13,1
DA:16,1
DA:17,1
DA:18,1
DA:19,1
DA:20,1
DA:21,1
DA:22,1
DA:23,1
DA:24,1
DA:29,1
DA:33,1
LF:13
LH:13
end_of_record
SF:lib/Screens/navigation_screen.dart
DA:10,0
DA:14,0
DA:16,0
DA:18,0
DA:19,0
DA:22,0
DA:23,0
DA:24,0
DA:48,0
DA:50,0
DA:51,0
DA:58,0
DA:59,0
DA:61,0
LF:14
LH:0
end_of_record
SF:lib/Screens/registration_screen.dart
DA:12,2
DA:14,1
DA:15,1
DA:30,1
DA:32,2
DA:33,2
DA:34,1
DA:37,1
DA:40,1
DA:42,1
DA:43,1
DA:44,1
DA:45,1
DA:47,1
DA:49,1
DA:50,1
DA:59,1
DA:60,1
DA:63,1
DA:64,2
DA:66,1
DA:68,1
DA:70,1
DA:73,2
DA:75,2
DA:77,1
DA:79,1
DA:81,1
DA:84,1
DA:87,1
DA:89,1
DA:91,1
DA:105,1
DA:111,1
DA:112,1
DA:113,1
DA:114,1
DA:116,1
DA:119,1
DA:120,1
DA:122,1
DA:129,1
DA:130,1
DA:131,1
DA:132,1
DA:139,1
DA:141,1
DA:148,1
DA:149,1
DA:150,0
DA:159,1
DA:164,1
DA:174,1
DA:176,1
DA:181,1
DA:183,1
DA:184,1
DA:185,3
DA:187,3
DA:188,2
DA:189,2
DA:192,1
DA:193,1
DA:196,0
DA:201,1
DA:202,1
DA:204,1
DA:213,1
DA:215,1
DA:217,1
DA:225,1
DA:226,1
DA:228,1
DA:229,1
DA:234,1
DA:236,1
DA:237,0
DA:239,1
DA:241,1
DA:243,1
DA:244,1
LF:81
LH:78
end_of_record
SF:lib/auth_service.dart
DA:7,2
DA:9,0
DA:11,1
DA:12,2
LF:4
LH:3
end_of_record
SF:lib/Screens/welcome_screen.dart
DA:10,0
DA:12,0
DA:13,0
DA:14,0
DA:15,0
DA:16,0
DA:17,0
DA:25,0
DA:26,0
DA:27,0
DA:28,0
DA:36,0
DA:37,0
DA:39,0
DA:42,0
DA:52,0
DA:55,0
DA:56,0
DA:57,0
DA:62,0
DA:63,0
DA:64,0
DA:65,0
DA:66,0
DA:70,0
DA:72,0
DA:73,0
DA:74,0
LF:28
LH:0
end_of_record
SF:lib/auth_wrapper.dart
DA:10,1
DA:12,1
DA:13,2
DA:14,1
DA:15,2
DA:16,0
DA:19,0
DA:22,0
DA:28,1
DA:29,1
DA:30,1
LF:11
LH:8
end_of_record
SF:lib/firebase_options.dart
DA:18,0
DA:22,0
DA:23,0
DA:25,0
DA:27,0
DA:29,0
DA:30,0
DA:34,0
DA:35,0
DA:40,0
LF:10
LH:0
end_of_record
SF:lib/Components/order_card.dart
DA:5,1
DA:7,1
DA:8,1
DA:11,1
DA:12,1
DA:14,1
DA:15,1
DA:16,1
DA:17,1
DA:18,1
DA:25,1
DA:26,1
DA:27,1
DA:28,1
DA:29,1
DA:30,1
DA:31,1
DA:33,1
DA:39,1
DA:40,1
DA:41,2
DA:42,1
DA:52,1
DA:53,1
DA:55,1
DA:57,1
DA:66,1
DA:67,1
DA:69,1
DA:70,1
DA:71,2
DA:73,2
DA:79,1
DA:80,1
DA:82,1
DA:84,1
DA:86,1
DA:88,1
DA:97,1
DA:98,1
DA:100,1
DA:102,1
DA:103,1
LF:43
LH:43
end_of_record
